<?xml version="1.0" encoding="UTF-8"?>
<!-- Generated by org.testng.reporters.JUnitXMLReporter -->
<testsuite ignored="0" hostname="DESKTOP-DCUKDOL" failures="0" tests="3" name="Default test" time="36.361" errors="0" timestamp="2026-06-05T10:24:55 IST">
  <testcase classname="testNG_Scripts.TestNG_Annotations" name="SwagValidLogin" time="12.012"/>
  <testcase classname="testNG_Scripts.TestNG_Annotations" name="SwagInValidLogin" time="7.415"/>
  <testcase classname="testNG_Scripts.TestNG_Annotations" name="SwagBlankLogin" time="11.558"/>
</testsuite> <!-- Default test -->
