<?xml version="1.0" encoding="UTF-8"?>
<testng-results ignored="0" total="3" passed="3" failed="0" skipped="0">
  <reporter-output>
  </reporter-output>
  <suite started-at="2026-06-17T10:22:39 IST" name="Default suite" finished-at="2026-06-17T10:23:30 IST" duration-ms="51804">
    <groups>
    </groups>
    <test started-at="2026-06-17T10:22:39 IST" name="Default test" finished-at="2026-06-17T10:23:30 IST" duration-ms="51804">
      <class name="pom.SwagLogin_Test_FindBy_PageFactory">
        <test-method is-config="true" signature="BrowserSetup()[pri:0, instance:pom.SwagLogin_Test_FindBy_PageFactory@2ef3eef9]" started-at="2026-06-17T10:22:39 IST" name="BrowserSetup" finished-at="2026-06-17T10:22:46 IST" duration-ms="7935" status="PASS">
          <reporter-output>
          </reporter-output>
        </test-method> <!-- BrowserSetup -->
        <test-method signature="SwagValidLoginTest()[pri:0, instance:pom.SwagLogin_Test_FindBy_PageFactory@2ef3eef9]" started-at="2026-06-17T10:22:46 IST" name="SwagValidLoginTest" finished-at="2026-06-17T10:22:55 IST" duration-ms="8294" status="PASS">
          <reporter-output>
          </reporter-output>
        </test-method> <!-- SwagValidLoginTest -->
        <test-method is-config="true" signature="BrowserTearDown()[pri:0, instance:pom.SwagLogin_Test_FindBy_PageFactory@2ef3eef9]" started-at="2026-06-17T10:22:55 IST" name="BrowserTearDown" finished-at="2026-06-17T10:22:55 IST" duration-ms="223" status="PASS">
          <reporter-output>
          </reporter-output>
        </test-method> <!-- BrowserTearDown -->
        <test-method is-config="true" signature="BrowserSetup()[pri:0, instance:pom.SwagLogin_Test_FindBy_PageFactory@2ef3eef9]" started-at="2026-06-17T10:22:55 IST" name="BrowserSetup" finished-at="2026-06-17T10:23:02 IST" duration-ms="7266" status="PASS">
          <reporter-output>
          </reporter-output>
        </test-method> <!-- BrowserSetup -->
        <test-method signature="SwagInValidLoginTest()[pri:1, instance:pom.SwagLogin_Test_FindBy_PageFactory@2ef3eef9]" started-at="2026-06-17T10:23:02 IST" name="SwagInValidLoginTest" finished-at="2026-06-17T10:23:13 IST" duration-ms="10271" status="PASS">
          <reporter-output>
          </reporter-output>
        </test-method> <!-- SwagInValidLoginTest -->
        <test-method is-config="true" signature="BrowserTearDown()[pri:0, instance:pom.SwagLogin_Test_FindBy_PageFactory@2ef3eef9]" started-at="2026-06-17T10:23:13 IST" name="BrowserTearDown" finished-at="2026-06-17T10:23:13 IST" duration-ms="164" status="PASS">
          <reporter-output>
          </reporter-output>
        </test-method> <!-- BrowserTearDown -->
        <test-method is-config="true" signature="BrowserSetup()[pri:0, instance:pom.SwagLogin_Test_FindBy_PageFactory@2ef3eef9]" started-at="2026-06-17T10:23:13 IST" name="BrowserSetup" finished-at="2026-06-17T10:23:20 IST" duration-ms="7238" status="PASS">
          <reporter-output>
          </reporter-output>
        </test-method> <!-- BrowserSetup -->
        <test-method signature="SwagBlankLoginTest()[pri:2, instance:pom.SwagLogin_Test_FindBy_PageFactory@2ef3eef9]" started-at="2026-06-17T10:23:20 IST" name="SwagBlankLoginTest" finished-at="2026-06-17T10:23:30 IST" duration-ms="10198" status="PASS">
          <reporter-output>
          </reporter-output>
        </test-method> <!-- SwagBlankLoginTest -->
        <test-method is-config="true" signature="BrowserTearDown()[pri:0, instance:pom.SwagLogin_Test_FindBy_PageFactory@2ef3eef9]" started-at="2026-06-17T10:23:30 IST" name="BrowserTearDown" finished-at="2026-06-17T10:23:30 IST" duration-ms="162" status="PASS">
          <reporter-output>
          </reporter-output>
        </test-method> <!-- BrowserTearDown -->
      </class> <!-- pom.SwagLogin_Test_FindBy_PageFactory -->
    </test> <!-- Default test -->
  </suite> <!-- Default suite -->
</testng-results>
