<?xml version="1.0" encoding="UTF-8"?>
<testng-results ignored="0" total="7" passed="7" failed="0" skipped="0">
  <reporter-output>
  </reporter-output>
  <suite started-at="2026-06-16T10:22:20 IST" name="Default suite" finished-at="2026-06-16T10:24:01 IST" duration-ms="101476">
    <groups>
    </groups>
    <test started-at="2026-06-16T10:22:20 IST" name="Default test" finished-at="2026-06-16T10:24:01 IST" duration-ms="101476">
      <class name="dataDrivenFrameWork.SwagLabsLogin_ExcelData_DataDriven_PropertyFile">
        <test-method is-config="true" signature="BrowserSetup()[pri:0, instance:dataDrivenFrameWork.SwagLabsLogin_ExcelData_DataDriven_PropertyFile@56620197]" started-at="2026-06-16T10:22:21 IST" name="BrowserSetup" finished-at="2026-06-16T10:22:30 IST" duration-ms="9432" status="PASS">
          <reporter-output>
          </reporter-output>
        </test-method> <!-- BrowserSetup -->
        <test-method signature="SwagLabsLoginTest(java.lang.String,java.lang.String)[pri:0, instance:dataDrivenFrameWork.SwagLabsLogin_ExcelData_DataDriven_PropertyFile@56620197]" started-at="2026-06-16T10:22:30 IST" name="SwagLabsLoginTest" data-provider="SwagLoginAllTestData" finished-at="2026-06-16T10:22:36 IST" duration-ms="6326" status="PASS">
          <params>
            <param index="0">
              <value>
                <![CDATA[standard_user]]>
              </value>
            </param>
            <param index="1">
              <value>
                <![CDATA[secret_sauce]]>
              </value>
            </param>
          </params>
          <reporter-output>
          </reporter-output>
        </test-method> <!-- SwagLabsLoginTest -->
        <test-method is-config="true" signature="BrowserTearDown()[pri:0, instance:dataDrivenFrameWork.SwagLabsLogin_ExcelData_DataDriven_PropertyFile@56620197]" started-at="2026-06-16T10:22:36 IST" name="BrowserTearDown" finished-at="2026-06-16T10:22:37 IST" duration-ms="336" status="PASS">
          <reporter-output>
          </reporter-output>
        </test-method> <!-- BrowserTearDown -->
        <test-method is-config="true" signature="BrowserSetup()[pri:0, instance:dataDrivenFrameWork.SwagLabsLogin_ExcelData_DataDriven_PropertyFile@56620197]" started-at="2026-06-16T10:22:37 IST" name="BrowserSetup" finished-at="2026-06-16T10:22:44 IST" duration-ms="7553" status="PASS">
          <reporter-output>
          </reporter-output>
        </test-method> <!-- BrowserSetup -->
        <test-method signature="SwagLabsLoginTest(java.lang.String,java.lang.String)[pri:0, instance:dataDrivenFrameWork.SwagLabsLogin_ExcelData_DataDriven_PropertyFile@56620197]" started-at="2026-06-16T10:22:44 IST" name="SwagLabsLoginTest" data-provider="SwagLoginAllTestData" finished-at="2026-06-16T10:22:50 IST" duration-ms="6222" status="PASS">
          <params>
            <param index="0">
              <value>
                <![CDATA[standard_user]]>
              </value>
            </param>
            <param index="1">
              <value>
                <![CDATA[afhgasjha]]>
              </value>
            </param>
          </params>
          <reporter-output>
          </reporter-output>
        </test-method> <!-- SwagLabsLoginTest -->
        <test-method is-config="true" signature="BrowserTearDown()[pri:0, instance:dataDrivenFrameWork.SwagLabsLogin_ExcelData_DataDriven_PropertyFile@56620197]" started-at="2026-06-16T10:22:50 IST" name="BrowserTearDown" finished-at="2026-06-16T10:22:51 IST" duration-ms="332" status="PASS">
          <reporter-output>
          </reporter-output>
        </test-method> <!-- BrowserTearDown -->
        <test-method is-config="true" signature="BrowserSetup()[pri:0, instance:dataDrivenFrameWork.SwagLabsLogin_ExcelData_DataDriven_PropertyFile@56620197]" started-at="2026-06-16T10:22:51 IST" name="BrowserSetup" finished-at="2026-06-16T10:22:58 IST" duration-ms="7595" status="PASS">
          <reporter-output>
          </reporter-output>
        </test-method> <!-- BrowserSetup -->
        <test-method signature="SwagLabsLoginTest(java.lang.String,java.lang.String)[pri:0, instance:dataDrivenFrameWork.SwagLabsLogin_ExcelData_DataDriven_PropertyFile@56620197]" started-at="2026-06-16T10:22:58 IST" name="SwagLabsLoginTest" data-provider="SwagLoginAllTestData" finished-at="2026-06-16T10:23:05 IST" duration-ms="6210" status="PASS">
          <params>
            <param index="0">
              <value>
                <![CDATA[asjdasjd]]>
              </value>
            </param>
            <param index="1">
              <value>
                <![CDATA[secret_sauce]]>
              </value>
            </param>
          </params>
          <reporter-output>
          </reporter-output>
        </test-method> <!-- SwagLabsLoginTest -->
        <test-method is-config="true" signature="BrowserTearDown()[pri:0, instance:dataDrivenFrameWork.SwagLabsLogin_ExcelData_DataDriven_PropertyFile@56620197]" started-at="2026-06-16T10:23:05 IST" name="BrowserTearDown" finished-at="2026-06-16T10:23:05 IST" duration-ms="334" status="PASS">
          <reporter-output>
          </reporter-output>
        </test-method> <!-- BrowserTearDown -->
        <test-method is-config="true" signature="BrowserSetup()[pri:0, instance:dataDrivenFrameWork.SwagLabsLogin_ExcelData_DataDriven_PropertyFile@56620197]" started-at="2026-06-16T10:23:05 IST" name="BrowserSetup" finished-at="2026-06-16T10:23:13 IST" duration-ms="7833" status="PASS">
          <reporter-output>
          </reporter-output>
        </test-method> <!-- BrowserSetup -->
        <test-method signature="SwagLabsLoginTest(java.lang.String,java.lang.String)[pri:0, instance:dataDrivenFrameWork.SwagLabsLogin_ExcelData_DataDriven_PropertyFile@56620197]" started-at="2026-06-16T10:23:13 IST" name="SwagLabsLoginTest" data-provider="SwagLoginAllTestData" finished-at="2026-06-16T10:23:19 IST" duration-ms="6186" status="PASS">
          <params>
            <param index="0">
              <value>
                <![CDATA[standard_user]]>
              </value>
            </param>
            <param index="1">
              <value>
                <![CDATA[]]>
              </value>
            </param>
          </params>
          <reporter-output>
          </reporter-output>
        </test-method> <!-- SwagLabsLoginTest -->
        <test-method is-config="true" signature="BrowserTearDown()[pri:0, instance:dataDrivenFrameWork.SwagLabsLogin_ExcelData_DataDriven_PropertyFile@56620197]" started-at="2026-06-16T10:23:19 IST" name="BrowserTearDown" finished-at="2026-06-16T10:23:19 IST" duration-ms="337" status="PASS">
          <reporter-output>
          </reporter-output>
        </test-method> <!-- BrowserTearDown -->
        <test-method is-config="true" signature="BrowserSetup()[pri:0, instance:dataDrivenFrameWork.SwagLabsLogin_ExcelData_DataDriven_PropertyFile@56620197]" started-at="2026-06-16T10:23:19 IST" name="BrowserSetup" finished-at="2026-06-16T10:23:27 IST" duration-ms="7762" status="PASS">
          <reporter-output>
          </reporter-output>
        </test-method> <!-- BrowserSetup -->
        <test-method signature="SwagLabsLoginTest(java.lang.String,java.lang.String)[pri:0, instance:dataDrivenFrameWork.SwagLabsLogin_ExcelData_DataDriven_PropertyFile@56620197]" started-at="2026-06-16T10:23:27 IST" name="SwagLabsLoginTest" data-provider="SwagLoginAllTestData" finished-at="2026-06-16T10:23:33 IST" duration-ms="6215" status="PASS">
          <params>
            <param index="0">
              <value>
                <![CDATA[]]>
              </value>
            </param>
            <param index="1">
              <value>
                <![CDATA[secret_sauce]]>
              </value>
            </param>
          </params>
          <reporter-output>
          </reporter-output>
        </test-method> <!-- SwagLabsLoginTest -->
        <test-method is-config="true" signature="BrowserTearDown()[pri:0, instance:dataDrivenFrameWork.SwagLabsLogin_ExcelData_DataDriven_PropertyFile@56620197]" started-at="2026-06-16T10:23:33 IST" name="BrowserTearDown" finished-at="2026-06-16T10:23:34 IST" duration-ms="340" status="PASS">
          <reporter-output>
          </reporter-output>
        </test-method> <!-- BrowserTearDown -->
        <test-method is-config="true" signature="BrowserSetup()[pri:0, instance:dataDrivenFrameWork.SwagLabsLogin_ExcelData_DataDriven_PropertyFile@56620197]" started-at="2026-06-16T10:23:34 IST" name="BrowserSetup" finished-at="2026-06-16T10:23:41 IST" duration-ms="7396" status="PASS">
          <reporter-output>
          </reporter-output>
        </test-method> <!-- BrowserSetup -->
        <test-method signature="SwagLabsLoginTest(java.lang.String,java.lang.String)[pri:0, instance:dataDrivenFrameWork.SwagLabsLogin_ExcelData_DataDriven_PropertyFile@56620197]" started-at="2026-06-16T10:23:41 IST" name="SwagLabsLoginTest" data-provider="SwagLoginAllTestData" finished-at="2026-06-16T10:23:47 IST" duration-ms="6166" status="PASS">
          <params>
            <param index="0">
              <value>
                <![CDATA[]]>
              </value>
            </param>
            <param index="1">
              <value>
                <![CDATA[]]>
              </value>
            </param>
          </params>
          <reporter-output>
          </reporter-output>
        </test-method> <!-- SwagLabsLoginTest -->
        <test-method is-config="true" signature="BrowserTearDown()[pri:0, instance:dataDrivenFrameWork.SwagLabsLogin_ExcelData_DataDriven_PropertyFile@56620197]" started-at="2026-06-16T10:23:47 IST" name="BrowserTearDown" finished-at="2026-06-16T10:23:47 IST" duration-ms="323" status="PASS">
          <reporter-output>
          </reporter-output>
        </test-method> <!-- BrowserTearDown -->
        <test-method is-config="true" signature="BrowserSetup()[pri:0, instance:dataDrivenFrameWork.SwagLabsLogin_ExcelData_DataDriven_PropertyFile@56620197]" started-at="2026-06-16T10:23:47 IST" name="BrowserSetup" finished-at="2026-06-16T10:23:55 IST" duration-ms="7340" status="PASS">
          <reporter-output>
          </reporter-output>
        </test-method> <!-- BrowserSetup -->
        <test-method signature="SwagLabsLoginTest(java.lang.String,java.lang.String)[pri:0, instance:dataDrivenFrameWork.SwagLabsLogin_ExcelData_DataDriven_PropertyFile@56620197]" started-at="2026-06-16T10:23:55 IST" name="SwagLabsLoginTest" data-provider="SwagLoginAllTestData" finished-at="2026-06-16T10:24:01 IST" duration-ms="6206" status="PASS">
          <params>
            <param index="0">
              <value>
                <![CDATA[anbnad]]>
              </value>
            </param>
            <param index="1">
              <value>
                <![CDATA[amdnfbad]]>
              </value>
            </param>
          </params>
          <reporter-output>
          </reporter-output>
        </test-method> <!-- SwagLabsLoginTest -->
        <test-method is-config="true" signature="BrowserTearDown()[pri:0, instance:dataDrivenFrameWork.SwagLabsLogin_ExcelData_DataDriven_PropertyFile@56620197]" started-at="2026-06-16T10:24:01 IST" name="BrowserTearDown" finished-at="2026-06-16T10:24:01 IST" duration-ms="351" status="PASS">
          <reporter-output>
          </reporter-output>
        </test-method> <!-- BrowserTearDown -->
      </class> <!-- dataDrivenFrameWork.SwagLabsLogin_ExcelData_DataDriven_PropertyFile -->
    </test> <!-- Default test -->
  </suite> <!-- Default suite -->
</testng-results>
