<?xml version="1.0" encoding="UTF-8"?>
<testng-results ignored="0" total="3" passed="3" failed="0" skipped="0">
  <reporter-output>
  </reporter-output>
  <suite started-at="2026-06-05T10:24:19 IST" name="Default suite" finished-at="2026-06-05T10:24:55 IST" duration-ms="36361">
    <groups>
    </groups>
    <test started-at="2026-06-05T10:24:19 IST" name="Default test" finished-at="2026-06-05T10:24:55 IST" duration-ms="36361">
      <class name="testNG_Scripts.TestNG_Annotations">
        <test-method is-config="true" signature="BrowserOpen()[pri:0, instance:testNG_Scripts.TestNG_Annotations@6973b51b]" started-at="2026-06-05T10:24:19 IST" name="BrowserOpen" finished-at="2026-06-05T10:24:24 IST" duration-ms="4950" status="PASS">
          <reporter-output>
          </reporter-output>
        </test-method> <!-- BrowserOpen -->
        <test-method signature="SwagValidLogin()[pri:1, instance:testNG_Scripts.TestNG_Annotations@6973b51b]" started-at="2026-06-05T10:24:24 IST" name="SwagValidLogin" finished-at="2026-06-05T10:24:36 IST" duration-ms="12012" status="PASS">
          <reporter-output>
          </reporter-output>
        </test-method> <!-- SwagValidLogin -->
        <test-method signature="SwagInValidLogin()[pri:2, instance:testNG_Scripts.TestNG_Annotations@6973b51b]" started-at="2026-06-05T10:24:36 IST" name="SwagInValidLogin" finished-at="2026-06-05T10:24:43 IST" duration-ms="7415" status="PASS">
          <reporter-output>
          </reporter-output>
        </test-method> <!-- SwagInValidLogin -->
        <test-method signature="SwagBlankLogin()[pri:3, instance:testNG_Scripts.TestNG_Annotations@6973b51b]" started-at="2026-06-05T10:24:43 IST" name="SwagBlankLogin" finished-at="2026-06-05T10:24:55 IST" duration-ms="11558" status="PASS">
          <reporter-output>
          </reporter-output>
        </test-method> <!-- SwagBlankLogin -->
        <test-method is-config="true" signature="BrowserClose()[pri:0, instance:testNG_Scripts.TestNG_Annotations@6973b51b]" started-at="2026-06-05T10:24:55 IST" name="BrowserClose" finished-at="2026-06-05T10:24:55 IST" duration-ms="324" status="PASS">
          <reporter-output>
          </reporter-output>
        </test-method> <!-- BrowserClose -->
      </class> <!-- testNG_Scripts.TestNG_Annotations -->
    </test> <!-- Default test -->
  </suite> <!-- Default suite -->
</testng-results>
