<?xml version="1.0" encoding="UTF-8"?>
<!-- Generated by org.testng.reporters.JUnitXMLReporter -->
<testsuite ignored="0" hostname="DESKTOP-DCUKDOL" failures="0" tests="3" name="ValidInvalidBlankTest" time="32.472" errors="0" timestamp="2026-06-08T09:33:12 IST">
  <testcase classname="testNG_Suit.SwagLabs_ValidLogin" name="SwagValidLogin" time="11.316"/>
  <testcase classname="testNG_Suit.SwagLabs_InValidLogin" name="SwagInvalidLogin" time="10.596"/>
  <testcase classname="testNG_Suit.SwagLabs_BlankLogin" name="SwagBlankLogin" time="10.504"/>
</testsuite> <!-- ValidInvalidBlankTest -->
