<?xml version="1.0" encoding="UTF-8"?>
<!-- Generated by org.testng.reporters.JUnitXMLReporter -->
<testsuite ignored="0" hostname="DESKTOP-DCUKDOL" failures="0" tests="7" name="Default test" time="101.476" errors="0" timestamp="2026-06-16T10:24:01 IST">
  <testcase classname="dataDrivenFrameWork.SwagLabsLogin_ExcelData_DataDriven_PropertyFile" name="SwagLabsLoginTest" time="6.326"/>
  <testcase classname="dataDrivenFrameWork.SwagLabsLogin_ExcelData_DataDriven_PropertyFile" name="SwagLabsLoginTest" time="6.222"/>
  <testcase classname="dataDrivenFrameWork.SwagLabsLogin_ExcelData_DataDriven_PropertyFile" name="SwagLabsLoginTest" time="6.21"/>
  <testcase classname="dataDrivenFrameWork.SwagLabsLogin_ExcelData_DataDriven_PropertyFile" name="SwagLabsLoginTest" time="6.186"/>
  <testcase classname="dataDrivenFrameWork.SwagLabsLogin_ExcelData_DataDriven_PropertyFile" name="SwagLabsLoginTest" time="6.215"/>
  <testcase classname="dataDrivenFrameWork.SwagLabsLogin_ExcelData_DataDriven_PropertyFile" name="SwagLabsLoginTest" time="6.166"/>
  <testcase classname="dataDrivenFrameWork.SwagLabsLogin_ExcelData_DataDriven_PropertyFile" name="SwagLabsLoginTest" time="6.206"/>
</testsuite> <!-- Default test -->
