<?xml version="1.0" encoding="UTF-8"?>
<!-- Generated by org.testng.reporters.JUnitXMLReporter -->
<testsuite ignored="0" hostname="DESKTOP-DCUKDOL" failures="0" tests="3" name="Default test" time="51.804" errors="0" timestamp="2026-06-17T10:23:30 IST">
  <testcase classname="pom.SwagLogin_Test_FindBy_PageFactory" name="SwagValidLoginTest" time="8.294"/>
  <testcase classname="pom.SwagLogin_Test_FindBy_PageFactory" name="SwagInValidLoginTest" time="10.271"/>
  <testcase classname="pom.SwagLogin_Test_FindBy_PageFactory" name="SwagBlankLoginTest" time="10.198"/>
</testsuite> <!-- Default test -->
