<?xml version="1.0" encoding="UTF-8"?>
<!-- Generated by org.testng.reporters.JUnitReportReporter -->
<testsuite hostname="DESKTOP-DCUKDOL" failures="0" tests="7" name="runner.TestRunner_TestNG" time="101.303" errors="0" timestamp="2026-06-25T09:44:37 IST" skipped="0">
  <testcase classname="runner.TestRunner_TestNG" name="runScenario" time="13.537"/>
  <testcase classname="runner.TestRunner_TestNG" name="runScenario" time="13.963"/>
  <testcase classname="runner.TestRunner_TestNG" name="runScenario" time="13.482"/>
  <testcase classname="runner.TestRunner_TestNG" name="runScenario" time="13.738"/>
  <testcase classname="runner.TestRunner_TestNG" name="runScenario" time="19.424"/>
  <testcase classname="runner.TestRunner_TestNG" name="runScenario" time="13.650"/>
  <testcase classname="runner.TestRunner_TestNG" name="runScenario" time="13.509"/>
</testsuite> <!-- runner.TestRunner_TestNG -->
