<?xml version="1.0" encoding="UTF-8"?>
<testng-results ignored="0" total="7" passed="7" failed="0" skipped="0">
  <reporter-output>
  </reporter-output>
  <suite started-at="2026-06-25T09:42:55 IST" name="Default suite" finished-at="2026-06-25T09:44:37 IST" duration-ms="102086">
    <groups>
      <group name="cucumber">
        <method signature="AbstractTestNGCucumberTests.runScenario(io.cucumber.testng.PickleWrapper,io.cucumber.testng.FeatureWrapper)[pri:0, instance:runner.TestRunner_TestNG@4f83df68]" name="runScenario" class="io.cucumber.testng.AbstractTestNGCucumberTests"/>
      </group> <!-- cucumber -->
    </groups>
    <test started-at="2026-06-25T09:42:55 IST" name="Default test" finished-at="2026-06-25T09:44:37 IST" duration-ms="102086">
      <class name="runner.TestRunner_TestNG">
        <test-method is-config="true" signature="setUpClass(org.testng.ITestContext)[pri:0, instance:runner.TestRunner_TestNG@4f83df68]" started-at="2026-06-25T09:42:55 IST" name="setUpClass" finished-at="2026-06-25T09:42:55 IST" duration-ms="674" status="PASS">
          <params>
            <param index="0">
              <value>
                <![CDATA[org.testng.TestRunner@4c58255]]>
              </value>
            </param>
          </params>
          <reporter-output>
          </reporter-output>
        </test-method> <!-- setUpClass -->
        <test-method signature="runScenario(io.cucumber.testng.PickleWrapper,io.cucumber.testng.FeatureWrapper)[pri:0, instance:runner.TestRunner_TestNG@4f83df68]" started-at="2026-06-25T09:42:55 IST" name="runScenario" description="Runs Cucumber Scenarios" data-provider="scenarios" finished-at="2026-06-25T09:43:15 IST" duration-ms="19424" status="PASS">
          <params>
            <param index="0">
              <value>
                <![CDATA["Swaglabs Login with multiple testdata"]]>
              </value>
            </param>
            <param index="1">
              <value>
                <![CDATA["Swaglabs Login with multiple test data using Scenario Outline"]]>
              </value>
            </param>
          </params>
          <reporter-output>
          </reporter-output>
        </test-method> <!-- runScenario -->
        <test-method signature="runScenario(io.cucumber.testng.PickleWrapper,io.cucumber.testng.FeatureWrapper)[pri:0, instance:runner.TestRunner_TestNG@4f83df68]" started-at="2026-06-25T09:43:15 IST" name="runScenario" description="Runs Cucumber Scenarios" data-provider="scenarios" finished-at="2026-06-25T09:43:29 IST" duration-ms="13963" status="PASS">
          <params>
            <param index="0">
              <value>
                <![CDATA["Swaglabs Login with multiple testdata"]]>
              </value>
            </param>
            <param index="1">
              <value>
                <![CDATA["Swaglabs Login with multiple test data using Scenario Outline"]]>
              </value>
            </param>
          </params>
          <reporter-output>
          </reporter-output>
        </test-method> <!-- runScenario -->
        <test-method signature="runScenario(io.cucumber.testng.PickleWrapper,io.cucumber.testng.FeatureWrapper)[pri:0, instance:runner.TestRunner_TestNG@4f83df68]" started-at="2026-06-25T09:43:29 IST" name="runScenario" description="Runs Cucumber Scenarios" data-provider="scenarios" finished-at="2026-06-25T09:43:43 IST" duration-ms="13738" status="PASS">
          <params>
            <param index="0">
              <value>
                <![CDATA["Swaglabs Login with multiple testdata"]]>
              </value>
            </param>
            <param index="1">
              <value>
                <![CDATA["Swaglabs Login with multiple test data using Scenario Outline"]]>
              </value>
            </param>
          </params>
          <reporter-output>
          </reporter-output>
        </test-method> <!-- runScenario -->
        <test-method signature="runScenario(io.cucumber.testng.PickleWrapper,io.cucumber.testng.FeatureWrapper)[pri:0, instance:runner.TestRunner_TestNG@4f83df68]" started-at="2026-06-25T09:43:43 IST" name="runScenario" description="Runs Cucumber Scenarios" data-provider="scenarios" finished-at="2026-06-25T09:43:56 IST" duration-ms="13482" status="PASS">
          <params>
            <param index="0">
              <value>
                <![CDATA["Swaglabs Login with multiple testdata"]]>
              </value>
            </param>
            <param index="1">
              <value>
                <![CDATA["Swaglabs Login with multiple test data using Scenario Outline"]]>
              </value>
            </param>
          </params>
          <reporter-output>
          </reporter-output>
        </test-method> <!-- runScenario -->
        <test-method signature="runScenario(io.cucumber.testng.PickleWrapper,io.cucumber.testng.FeatureWrapper)[pri:0, instance:runner.TestRunner_TestNG@4f83df68]" started-at="2026-06-25T09:43:56 IST" name="runScenario" description="Runs Cucumber Scenarios" data-provider="scenarios" finished-at="2026-06-25T09:44:10 IST" duration-ms="13509" status="PASS">
          <params>
            <param index="0">
              <value>
                <![CDATA["Swaglabs Login with multiple testdata"]]>
              </value>
            </param>
            <param index="1">
              <value>
                <![CDATA["Swaglabs Login with multiple test data using Scenario Outline"]]>
              </value>
            </param>
          </params>
          <reporter-output>
          </reporter-output>
        </test-method> <!-- runScenario -->
        <test-method signature="runScenario(io.cucumber.testng.PickleWrapper,io.cucumber.testng.FeatureWrapper)[pri:0, instance:runner.TestRunner_TestNG@4f83df68]" started-at="2026-06-25T09:44:10 IST" name="runScenario" description="Runs Cucumber Scenarios" data-provider="scenarios" finished-at="2026-06-25T09:44:23 IST" duration-ms="13650" status="PASS">
          <params>
            <param index="0">
              <value>
                <![CDATA["Swaglabs Login with multiple testdata"]]>
              </value>
            </param>
            <param index="1">
              <value>
                <![CDATA["Swaglabs Login with multiple test data using Scenario Outline"]]>
              </value>
            </param>
          </params>
          <reporter-output>
          </reporter-output>
        </test-method> <!-- runScenario -->
        <test-method signature="runScenario(io.cucumber.testng.PickleWrapper,io.cucumber.testng.FeatureWrapper)[pri:0, instance:runner.TestRunner_TestNG@4f83df68]" started-at="2026-06-25T09:44:23 IST" name="runScenario" description="Runs Cucumber Scenarios" data-provider="scenarios" finished-at="2026-06-25T09:44:37 IST" duration-ms="13537" status="PASS">
          <params>
            <param index="0">
              <value>
                <![CDATA["Swaglabs Login with multiple testdata"]]>
              </value>
            </param>
            <param index="1">
              <value>
                <![CDATA["Swaglabs Login with multiple test data using Scenario Outline"]]>
              </value>
            </param>
          </params>
          <reporter-output>
          </reporter-output>
        </test-method> <!-- runScenario -->
        <test-method is-config="true" signature="tearDownClass()[pri:0, instance:runner.TestRunner_TestNG@4f83df68]" started-at="2026-06-25T09:44:37 IST" name="tearDownClass" finished-at="2026-06-25T09:44:37 IST" duration-ms="35" status="PASS">
          <reporter-output>
          </reporter-output>
        </test-method> <!-- tearDownClass -->
      </class> <!-- runner.TestRunner_TestNG -->
    </test> <!-- Default test -->
  </suite> <!-- Default suite -->
</testng-results>
