<?xml version="1.0" encoding="UTF-8"?>
<!-- Generated by org.testng.reporters.JUnitReportReporter -->
<testsuite hostname="DESKTOP-DCUKDOL" failures="0" tests="3" name="testNG_Scripts.TestNG_Annotations" time="30.141" errors="0" timestamp="2026-06-05T15:45:16 IST" skipped="0">
  <testcase classname="testNG_Scripts.TestNG_Annotations" name="SwagValidLogin" time="11.454"/>
  <testcase classname="testNG_Scripts.TestNG_Annotations" name="SwagInValidLogin" time="7.209"/>
  <testcase classname="testNG_Scripts.TestNG_Annotations" name="SwagBlankLogin" time="11.478"/>
</testsuite> <!-- testNG_Scripts.TestNG_Annotations -->
