<?xml version="1.0" encoding="UTF-8"?>
<!-- Generated by org.testng.reporters.JUnitReportReporter -->
<testsuite hostname="DESKTOP-DCUKDOL" failures="0" tests="3" name="testNG_Scripts.TestNG_Annotations" time="30.985" errors="0" timestamp="2026-06-05T10:24:55 IST" skipped="0">
  <testcase classname="testNG_Scripts.TestNG_Annotations" name="SwagValidLogin" time="12.012"/>
  <testcase classname="testNG_Scripts.TestNG_Annotations" name="SwagInValidLogin" time="7.415"/>
  <testcase classname="testNG_Scripts.TestNG_Annotations" name="SwagBlankLogin" time="11.558"/>
</testsuite> <!-- testNG_Scripts.TestNG_Annotations -->
