<?xml version="1.0" encoding="UTF-8"?>
<!-- Generated by org.testng.reporters.JUnitReportReporter -->
<testsuite hostname="DESKTOP-DCUKDOL" failures="0" tests="6" name="testNG_Scripts.SwagLoginPage" time="59.614" errors="0" timestamp="2026-06-05T09:51:26 IST" skipped="1">
  <testcase classname="testNG_Scripts.SwagLoginPage" name="SwagValidLogin" time="11.715"/>
  <testcase classname="testNG_Scripts.SwagLoginPage" name="SwagValidLogin" time="12.883"/>
  <testcase classname="testNG_Scripts.SwagLoginPage" name="SwagInvalidLogin" time="11.776"/>
  <testcase classname="testNG_Scripts.SwagLoginPage" name="SwagInvalidLogin" time="11.616"/>
  <testcase classname="testNG_Scripts.SwagLoginPage" name="SwagInvalidLogin" time="11.624"/>
  <testcase classname="testNG_Scripts.SwagLoginPage" name="SwagBlankLogin">
    <skipped/>
  </testcase> <!-- SwagBlankLogin -->
</testsuite> <!-- testNG_Scripts.SwagLoginPage -->
