<?xml version="1.0" encoding="UTF-8"?>
<!-- Generated by org.testng.reporters.JUnitReportReporter -->
<testsuite hostname="DESKTOP-DCUKDOL" failures="0" tests="3" name="pom.SwagLogin_Test_FindBy_PageFactory" time="51.751" errors="0" timestamp="2026-06-17T10:23:30 IST" skipped="0">
  <testcase classname="pom.SwagLogin_Test_FindBy_PageFactory" name="SwagValidLoginTest" time="16.391"/>
  <testcase classname="pom.SwagLogin_Test_FindBy_PageFactory" name="SwagInValidLoginTest" time="17.701"/>
  <testcase classname="pom.SwagLogin_Test_FindBy_PageFactory" name="SwagBlankLoginTest" time="17.659"/>
</testsuite> <!-- pom.SwagLogin_Test_FindBy_PageFactory -->
