<?xml version="1.0" encoding="UTF-8"?>
<!-- Generated by org.testng.reporters.JUnitReportReporter -->
<testsuite hostname="DESKTOP-DCUKDOL" failures="0" tests="3" name="pom.SwagLogin_Test_By" time="51.739" errors="0" timestamp="2026-06-17T10:05:10 IST" skipped="0">
  <testcase classname="pom.SwagLogin_Test_By" name="SwagValidLoginTest" time="16.462"/>
  <testcase classname="pom.SwagLogin_Test_By" name="SwagInValidLoginTest" time="17.650"/>
  <testcase classname="pom.SwagLogin_Test_By" name="SwagBlankLoginTest" time="17.627"/>
</testsuite> <!-- pom.SwagLogin_Test_By -->
