<?xml version="1.0" encoding="UTF-8"?>
<!-- Generated by org.testng.reporters.JUnitReportReporter -->
<testsuite hostname="DESKTOP-DCUKDOL" failures="0" tests="7" name="dataDrivenFrameWork.SwagLabsLogin_ExcelData_DataDriven_PropertyFile" time="100.795" errors="0" timestamp="2026-06-16T10:24:01 IST" skipped="0">
  <testcase classname="dataDrivenFrameWork.SwagLabsLogin_ExcelData_DataDriven_PropertyFile" name="SwagLabsLoginTest" time="14.084"/>
  <testcase classname="dataDrivenFrameWork.SwagLabsLogin_ExcelData_DataDriven_PropertyFile" name="SwagLabsLoginTest" time="13.954"/>
  <testcase classname="dataDrivenFrameWork.SwagLabsLogin_ExcelData_DataDriven_PropertyFile" name="SwagLabsLoginTest" time="15.974"/>
  <testcase classname="dataDrivenFrameWork.SwagLabsLogin_ExcelData_DataDriven_PropertyFile" name="SwagLabsLoginTest" time="14.376"/>
  <testcase classname="dataDrivenFrameWork.SwagLabsLogin_ExcelData_DataDriven_PropertyFile" name="SwagLabsLoginTest" time="13.906"/>
  <testcase classname="dataDrivenFrameWork.SwagLabsLogin_ExcelData_DataDriven_PropertyFile" name="SwagLabsLoginTest" time="14.422"/>
  <testcase classname="dataDrivenFrameWork.SwagLabsLogin_ExcelData_DataDriven_PropertyFile" name="SwagLabsLoginTest" time="14.079"/>
</testsuite> <!-- dataDrivenFrameWork.SwagLabsLogin_ExcelData_DataDriven_PropertyFile -->
